#
# A fatal error has been detected by the Java Runtime Environment:
#
#  Internal Error (generateOopMap.cpp:2164), pid=12340, tid=1728
#  fatal error: Illegal class file encountered. Try running with -Xverify:all in method main
#
# JRE version: OpenJDK Runtime Environment (16.0.2+7) (build 16.0.2+7-67)
# Java VM: OpenJDK 64-Bit Server VM (16.0.2+7-67, mixed mode, tiered, compressed oops, compressed class ptrs, g1 gc, windows-amd64)
# No core dump will be written. Minidumps are not enabled by default on client versions of Windows
#
# If you would like to submit a bug report, please visit:
#   https://bugreport.java.com/bugreport/crash.jsp
#

---------------  S U M M A R Y ------------

Command Line: -XX:+ShowCodeDetailsInExceptionMessages -agentlib:jdwp=transport=dt_socket,suspend=y,address=localhost:52306 -javaagent:C:\Users\elisa\Documents\eclipse-jee-2021-09-R-win32-x86_64\eclipse\configuration\org.eclipse.osgi\415\0\.cp\lib\javaagent-shaded.jar -Dfile.encoding=Cp1252 examen_programacion.RodriguezElisa_PROG_UD4_Recup

Host: Intel(R) Core(TM) i7-8750H CPU @ 2.20GHz, 12 cores, 7G,  Windows 10 , 64 bit Build 19041 (10.0.19041.1348)
Time: Fri Nov 26 09:45:36 2021 Hora estándar romance elapsed time: 249.579400 seconds (0d 0h 4m 9s)

---------------  T H R E A D  ---------------

Current thread (0x00000218ff5f9020):  VMThread "VM Thread" [stack: 0x00000054f4300000,0x00000054f4400000] [id=1728]

Stack: [0x00000054f4300000,0x00000054f4400000]
Native frames: (J=compiled Java code, j=interpreted, Vv=VM code, C=native code)
V  [jvm.dll+0x6681ca]
V  [jvm.dll+0x7c9e69]
V  [jvm.dll+0x7cb61e]
V  [jvm.dll+0x7cbc27]
V  [jvm.dll+0x2429b3]
V  [jvm.dll+0x330cf9]
V  [jvm.dll+0x330719]
V  [jvm.dll+0x32df37]
V  [jvm.dll+0x32f72e]
V  [jvm.dll+0x32cdaf]
V  [jvm.dll+0x32c037]
V  [jvm.dll+0x656cce]
V  [jvm.dll+0x6569d3]
V  [jvm.dll+0x61c1e8]
V  [jvm.dll+0x7c18f5]
V  [jvm.dll+0x520446]
V  [jvm.dll+0x7d00ab]
V  [jvm.dll+0x7d0da4]
V  [jvm.dll+0x7d12a9]
V  [jvm.dll+0x7d1564]
V  [jvm.dll+0x7d1630]
V  [jvm.dll+0x7795aa]
V  [jvm.dll+0x667066]
C  [ucrtbase.dll+0x21bb2]
C  [KERNEL32.DLL+0x17034]
C  [ntdll.dll+0x52651]

VM_Operation (0x00000054f4eff080): get/set locals, mode: safepoint, requested by thread 0x000002188fbd5010


---------------  P R O C E S S  ---------------

Threads class SMR info:
_java_thread_list=0x00000218900a8230, length=15, elements={
0x00000218f440e060, 0x00000218ff610250, 0x00000218ff610e50, 0x00000218ff637450,
0x00000218ff638050, 0x00000218ff63ab60, 0x00000218ff63d570, 0x000002188f944e10,
0x000002188f945760, 0x000002188f9489a0, 0x00000218ff57c0f0, 0x000002188fbd5010,
0x000002188fc51fe0, 0x000002188fc64700, 0x000002188fca30e0
}

Java Threads: ( => current thread )
  0x00000218f440e060 JavaThread "main" [_thread_blocked, id=15860, stack(0x00000054f3d00000,0x00000054f3e00000)]
  0x00000218ff610250 JavaThread "Reference Handler" daemon [_thread_blocked, id=13040, stack(0x00000054f4400000,0x00000054f4500000)]
  0x00000218ff610e50 JavaThread "Finalizer" daemon [_thread_blocked, id=12532, stack(0x00000054f4500000,0x00000054f4600000)]
  0x00000218ff637450 JavaThread "Signal Dispatcher" daemon [_thread_blocked, id=3596, stack(0x00000054f4600000,0x00000054f4700000)]
  0x00000218ff638050 JavaThread "Attach Listener" daemon [_thread_blocked, id=1316, stack(0x00000054f4700000,0x00000054f4800000)]
  0x00000218ff63ab60 JavaThread "Service Thread" daemon [_thread_blocked, id=14372, stack(0x00000054f4800000,0x00000054f4900000)]
  0x00000218ff63d570 JavaThread "Monitor Deflation Thread" daemon [_thread_blocked, id=1592, stack(0x00000054f4900000,0x00000054f4a00000)]
  0x000002188f944e10 JavaThread "C2 CompilerThread0" daemon [_thread_blocked, id=16216, stack(0x00000054f4a00000,0x00000054f4b00000)]
  0x000002188f945760 JavaThread "C1 CompilerThread0" daemon [_thread_blocked, id=15064, stack(0x00000054f4b00000,0x00000054f4c00000)]
  0x000002188f9489a0 JavaThread "Sweeper thread" daemon [_thread_blocked, id=8880, stack(0x00000054f4c00000,0x00000054f4d00000)]
  0x00000218ff57c0f0 JavaThread "Common-Cleaner" daemon [_thread_blocked, id=15240, stack(0x00000054f4d00000,0x00000054f4e00000)]
  0x000002188fbd5010 JavaThread "JDWP Transport Listener: dt_socket" daemon [_thread_blocked, id=3192, stack(0x00000054f4e00000,0x00000054f4f00000)]
  0x000002188fc51fe0 JavaThread "JDWP Event Helper Thread" daemon [_thread_blocked, id=18048, stack(0x00000054f4f00000,0x00000054f5000000)]
  0x000002188fc64700 JavaThread "JDWP Command Reader" daemon [_thread_in_native, id=18392, stack(0x00000054f5000000,0x00000054f5100000)]
  0x000002188fca30e0 JavaThread "Notification Thread" daemon [_thread_blocked, id=6996, stack(0x00000054f5100000,0x00000054f5200000)]

Other Threads:
=>0x00000218ff5f9020 VMThread "VM Thread" [stack: 0x00000054f4300000,0x00000054f4400000] [id=1728]
  0x000002188fca3600 WatcherThread [stack: 0x00000054f5200000,0x00000054f5300000] [id=12060]
  0x00000218f444ede0 GCTaskThread "GC Thread#0" [stack: 0x00000054f3e00000,0x00000054f3f00000] [id=7988]
  0x00000218f445fa60 ConcurrentGCThread "G1 Main Marker" [stack: 0x00000054f3f00000,0x00000054f4000000] [id=8488]
  0x00000218f4461d00 ConcurrentGCThread "G1 Conc#0" [stack: 0x00000054f4000000,0x00000054f4100000] [id=16152]
  0x00000218f44e1280 ConcurrentGCThread "G1 Refine#0" [stack: 0x00000054f4100000,0x00000054f4200000] [id=6936]
  0x00000218ff4510a0 ConcurrentGCThread "G1 Service" [stack: 0x00000054f4200000,0x00000054f4300000] [id=9180]

Threads with active compile tasks:

VM state: at safepoint (normal execution)

VM Mutex/Monitor currently owned by a thread:  ([mutex/lock_event])
[0x00000218f440a370] Threads_lock - owner thread: 0x00000218ff5f9020

Heap address: 0x0000000082600000, size: 2010 MB, Compressed Oops mode: 32-bit

CDS disabled.
Compressed class space mapped at: 0x0000000100000000-0x0000000140000000, reserved size: 1073741824
Narrow klass base: 0x0000000000000000, Narrow klass shift: 3, Narrow klass range: 0x140000000

GC Precious Log:
 CPUs: 12 total, 12 available
 Memory: 8036M
 Large Page Support: Disabled
 NUMA Support: Disabled
 Compressed Oops: Enabled (32-bit)
 Heap Region Size: 1M
 Heap Min Capacity: 8M
 Heap Initial Capacity: 126M
 Heap Max Capacity: 2010M
 Pre-touch: Disabled
 Parallel Workers: 10
 Concurrent Workers: 3
 Concurrent Refinement Workers: 10
 Periodic GC: Disabled

Heap:
 garbage-first heap   total 129024K, used 4096K [0x0000000082600000, 0x0000000100000000)
  region size 1024K, 5 young (5120K), 0 survivors (0K)
 Metaspace       used 9194K, committed 9280K, reserved 1064960K
  class space    used 786K, committed 832K, reserved 1048576K

Heap Regions: E=young(eden), S=young(survivor), O=old, HS=humongous(starts), HC=humongous(continues), CS=collection set, F=free, OA=open archive, CA=closed archive, TAMS=top-at-mark-start (previous, next)
|   0|0x0000000082600000, 0x0000000082600000, 0x0000000082700000|  0%| F|  |TAMS 0x0000000082600000, 0x0000000082600000| Untracked 
|   1|0x0000000082700000, 0x0000000082700000, 0x0000000082800000|  0%| F|  |TAMS 0x0000000082700000, 0x0000000082700000| Untracked 
|   2|0x0000000082800000, 0x0000000082800000, 0x0000000082900000|  0%| F|  |TAMS 0x0000000082800000, 0x0000000082800000| Untracked 
|   3|0x0000000082900000, 0x0000000082900000, 0x0000000082a00000|  0%| F|  |TAMS 0x0000000082900000, 0x0000000082900000| Untracked 
|   4|0x0000000082a00000, 0x0000000082a00000, 0x0000000082b00000|  0%| F|  |TAMS 0x0000000082a00000, 0x0000000082a00000| Untracked 
|   5|0x0000000082b00000, 0x0000000082b00000, 0x0000000082c00000|  0%| F|  |TAMS 0x0000000082b00000, 0x0000000082b00000| Untracked 
|   6|0x0000000082c00000, 0x0000000082c00000, 0x0000000082d00000|  0%| F|  |TAMS 0x0000000082c00000, 0x0000000082c00000| Untracked 
|   7|0x0000000082d00000, 0x0000000082d00000, 0x0000000082e00000|  0%| F|  |TAMS 0x0000000082d00000, 0x0000000082d00000| Untracked 
|   8|0x0000000082e00000, 0x0000000082e00000, 0x0000000082f00000|  0%| F|  |TAMS 0x0000000082e00000, 0x0000000082e00000| Untracked 
|   9|0x0000000082f00000, 0x0000000082f00000, 0x0000000083000000|  0%| F|  |TAMS 0x0000000082f00000, 0x0000000082f00000| Untracked 
|  10|0x0000000083000000, 0x0000000083000000, 0x0000000083100000|  0%| F|  |TAMS 0x0000000083000000, 0x0000000083000000| Untracked 
|  11|0x0000000083100000, 0x0000000083100000, 0x0000000083200000|  0%| F|  |TAMS 0x0000000083100000, 0x0000000083100000| Untracked 
|  12|0x0000000083200000, 0x0000000083200000, 0x0000000083300000|  0%| F|  |TAMS 0x0000000083200000, 0x0000000083200000| Untracked 
|  13|0x0000000083300000, 0x0000000083300000, 0x0000000083400000|  0%| F|  |TAMS 0x0000000083300000, 0x0000000083300000| Untracked 
|  14|0x0000000083400000, 0x0000000083400000, 0x0000000083500000|  0%| F|  |TAMS 0x0000000083400000, 0x0000000083400000| Untracked 
|  15|0x0000000083500000, 0x0000000083500000, 0x0000000083600000|  0%| F|  |TAMS 0x0000000083500000, 0x0000000083500000| Untracked 
|  16|0x0000000083600000, 0x0000000083600000, 0x0000000083700000|  0%| F|  |TAMS 0x0000000083600000, 0x0000000083600000| Untracked 
|  17|0x0000000083700000, 0x0000000083700000, 0x0000000083800000|  0%| F|  |TAMS 0x0000000083700000, 0x0000000083700000| Untracked 
|  18|0x0000000083800000, 0x0000000083800000, 0x0000000083900000|  0%| F|  |TAMS 0x0000000083800000, 0x0000000083800000| Untracked 
|  19|0x0000000083900000, 0x0000000083900000, 0x0000000083a00000|  0%| F|  |TAMS 0x0000000083900000, 0x0000000083900000| Untracked 
|  20|0x0000000083a00000, 0x0000000083a00000, 0x0000000083b00000|  0%| F|  |TAMS 0x0000000083a00000, 0x0000000083a00000| Untracked 
|  21|0x0000000083b00000, 0x0000000083b00000, 0x0000000083c00000|  0%| F|  |TAMS 0x0000000083b00000, 0x0000000083b00000| Untracked 
|  22|0x0000000083c00000, 0x0000000083c00000, 0x0000000083d00000|  0%| F|  |TAMS 0x0000000083c00000, 0x0000000083c00000| Untracked 
|  23|0x0000000083d00000, 0x0000000083d00000, 0x0000000083e00000|  0%| F|  |TAMS 0x0000000083d00000, 0x0000000083d00000| Untracked 
|  24|0x0000000083e00000, 0x0000000083e00000, 0x0000000083f00000|  0%| F|  |TAMS 0x0000000083e00000, 0x0000000083e00000| Untracked 
|  25|0x0000000083f00000, 0x0000000083f00000, 0x0000000084000000|  0%| F|  |TAMS 0x0000000083f00000, 0x0000000083f00000| Untracked 
|  26|0x0000000084000000, 0x0000000084000000, 0x0000000084100000|  0%| F|  |TAMS 0x0000000084000000, 0x0000000084000000| Untracked 
|  27|0x0000000084100000, 0x0000000084100000, 0x0000000084200000|  0%| F|  |TAMS 0x0000000084100000, 0x0000000084100000| Untracked 
|  28|0x0000000084200000, 0x0000000084200000, 0x0000000084300000|  0%| F|  |TAMS 0x0000000084200000, 0x0000000084200000| Untracked 
|  29|0x0000000084300000, 0x0000000084300000, 0x0000000084400000|  0%| F|  |TAMS 0x0000000084300000, 0x0000000084300000| Untracked 
|  30|0x0000000084400000, 0x0000000084400000, 0x0000000084500000|  0%| F|  |TAMS 0x0000000084400000, 0x0000000084400000| Untracked 
|  31|0x0000000084500000, 0x0000000084500000, 0x0000000084600000|  0%| F|  |TAMS 0x0000000084500000, 0x0000000084500000| Untracked 
|  32|0x0000000084600000, 0x0000000084600000, 0x0000000084700000|  0%| F|  |TAMS 0x0000000084600000, 0x0000000084600000| Untracked 
|  33|0x0000000084700000, 0x0000000084700000, 0x0000000084800000|  0%| F|  |TAMS 0x0000000084700000, 0x0000000084700000| Untracked 
|  34|0x0000000084800000, 0x0000000084800000, 0x0000000084900000|  0%| F|  |TAMS 0x0000000084800000, 0x0000000084800000| Untracked 
|  35|0x0000000084900000, 0x0000000084900000, 0x0000000084a00000|  0%| F|  |TAMS 0x0000000084900000, 0x0000000084900000| Untracked 
|  36|0x0000000084a00000, 0x0000000084a00000, 0x0000000084b00000|  0%| F|  |TAMS 0x0000000084a00000, 0x0000000084a00000| Untracked 
|  37|0x0000000084b00000, 0x0000000084b00000, 0x0000000084c00000|  0%| F|  |TAMS 0x0000000084b00000, 0x0000000084b00000| Untracked 
|  38|0x0000000084c00000, 0x0000000084c00000, 0x0000000084d00000|  0%| F|  |TAMS 0x0000000084c00000, 0x0000000084c00000| Untracked 
|  39|0x0000000084d00000, 0x0000000084d00000, 0x0000000084e00000|  0%| F|  |TAMS 0x0000000084d00000, 0x0000000084d00000| Untracked 
|  40|0x0000000084e00000, 0x0000000084e00000, 0x0000000084f00000|  0%| F|  |TAMS 0x0000000084e00000, 0x0000000084e00000| Untracked 
|  41|0x0000000084f00000, 0x0000000084f00000, 0x0000000085000000|  0%| F|  |TAMS 0x0000000084f00000, 0x0000000084f00000| Untracked 
|  42|0x0000000085000000, 0x0000000085000000, 0x0000000085100000|  0%| F|  |TAMS 0x0000000085000000, 0x0000000085000000| Untracked 
|  43|0x0000000085100000, 0x0000000085100000, 0x0000000085200000|  0%| F|  |TAMS 0x0000000085100000, 0x0000000085100000| Untracked 
|  44|0x0000000085200000, 0x0000000085200000, 0x0000000085300000|  0%| F|  |TAMS 0x0000000085200000, 0x0000000085200000| Untracked 
|  45|0x0000000085300000, 0x0000000085300000, 0x0000000085400000|  0%| F|  |TAMS 0x0000000085300000, 0x0000000085300000| Untracked 
|  46|0x0000000085400000, 0x0000000085400000, 0x0000000085500000|  0%| F|  |TAMS 0x0000000085400000, 0x0000000085400000| Untracked 
|  47|0x0000000085500000, 0x0000000085500000, 0x0000000085600000|  0%| F|  |TAMS 0x0000000085500000, 0x0000000085500000| Untracked 
|  48|0x0000000085600000, 0x0000000085600000, 0x0000000085700000|  0%| F|  |TAMS 0x0000000085600000, 0x0000000085600000| Untracked 
|  49|0x0000000085700000, 0x0000000085700000, 0x0000000085800000|  0%| F|  |TAMS 0x0000000085700000, 0x0000000085700000| Untracked 
|  50|0x0000000085800000, 0x0000000085800000, 0x0000000085900000|  0%| F|  |TAMS 0x0000000085800000, 0x0000000085800000| Untracked 
|  51|0x0000000085900000, 0x0000000085900000, 0x0000000085a00000|  0%| F|  |TAMS 0x0000000085900000, 0x0000000085900000| Untracked 
|  52|0x0000000085a00000, 0x0000000085a00000, 0x0000000085b00000|  0%| F|  |TAMS 0x0000000085a00000, 0x0000000085a00000| Untracked 
|  53|0x0000000085b00000, 0x0000000085b00000, 0x0000000085c00000|  0%| F|  |TAMS 0x0000000085b00000, 0x0000000085b00000| Untracked 
|  54|0x0000000085c00000, 0x0000000085c00000, 0x0000000085d00000|  0%| F|  |TAMS 0x0000000085c00000, 0x0000000085c00000| Untracked 
|  55|0x0000000085d00000, 0x0000000085d00000, 0x0000000085e00000|  0%| F|  |TAMS 0x0000000085d00000, 0x0000000085d00000| Untracked 
|  56|0x0000000085e00000, 0x0000000085e00000, 0x0000000085f00000|  0%| F|  |TAMS 0x0000000085e00000, 0x0000000085e00000| Untracked 
|  57|0x0000000085f00000, 0x0000000085f00000, 0x0000000086000000|  0%| F|  |TAMS 0x0000000085f00000, 0x0000000085f00000| Untracked 
|  58|0x0000000086000000, 0x0000000086000000, 0x0000000086100000|  0%| F|  |TAMS 0x0000000086000000, 0x0000000086000000| Untracked 
|  59|0x0000000086100000, 0x0000000086100000, 0x0000000086200000|  0%| F|  |TAMS 0x0000000086100000, 0x0000000086100000| Untracked 
|  60|0x0000000086200000, 0x0000000086200000, 0x0000000086300000|  0%| F|  |TAMS 0x0000000086200000, 0x0000000086200000| Untracked 
|  61|0x0000000086300000, 0x0000000086300000, 0x0000000086400000|  0%| F|  |TAMS 0x0000000086300000, 0x0000000086300000| Untracked 
|  62|0x0000000086400000, 0x0000000086400000, 0x0000000086500000|  0%| F|  |TAMS 0x0000000086400000, 0x0000000086400000| Untracked 
|  63|0x0000000086500000, 0x0000000086500000, 0x0000000086600000|  0%| F|  |TAMS 0x0000000086500000, 0x0000000086500000| Untracked 
|  64|0x0000000086600000, 0x0000000086600000, 0x0000000086700000|  0%| F|  |TAMS 0x0000000086600000, 0x0000000086600000| Untracked 
|  65|0x0000000086700000, 0x0000000086700000, 0x0000000086800000|  0%| F|  |TAMS 0x0000000086700000, 0x0000000086700000| Untracked 
|  66|0x0000000086800000, 0x0000000086800000, 0x0000000086900000|  0%| F|  |TAMS 0x0000000086800000, 0x0000000086800000| Untracked 
|  67|0x0000000086900000, 0x0000000086900000, 0x0000000086a00000|  0%| F|  |TAMS 0x0000000086900000, 0x0000000086900000| Untracked 
|  68|0x0000000086a00000, 0x0000000086a00000, 0x0000000086b00000|  0%| F|  |TAMS 0x0000000086a00000, 0x0000000086a00000| Untracked 
|  69|0x0000000086b00000, 0x0000000086b00000, 0x0000000086c00000|  0%| F|  |TAMS 0x0000000086b00000, 0x0000000086b00000| Untracked 
|  70|0x0000000086c00000, 0x0000000086c00000, 0x0000000086d00000|  0%| F|  |TAMS 0x0000000086c00000, 0x0000000086c00000| Untracked 
|  71|0x0000000086d00000, 0x0000000086d00000, 0x0000000086e00000|  0%| F|  |TAMS 0x0000000086d00000, 0x0000000086d00000| Untracked 
|  72|0x0000000086e00000, 0x0000000086e00000, 0x0000000086f00000|  0%| F|  |TAMS 0x0000000086e00000, 0x0000000086e00000| Untracked 
|  73|0x0000000086f00000, 0x0000000086f00000, 0x0000000087000000|  0%| F|  |TAMS 0x0000000086f00000, 0x0000000086f00000| Untracked 
|  74|0x0000000087000000, 0x0000000087000000, 0x0000000087100000|  0%| F|  |TAMS 0x0000000087000000, 0x0000000087000000| Untracked 
|  75|0x0000000087100000, 0x0000000087100000, 0x0000000087200000|  0%| F|  |TAMS 0x0000000087100000, 0x0000000087100000| Untracked 
|  76|0x0000000087200000, 0x0000000087200000, 0x0000000087300000|  0%| F|  |TAMS 0x0000000087200000, 0x0000000087200000| Untracked 
|  77|0x0000000087300000, 0x0000000087300000, 0x0000000087400000|  0%| F|  |TAMS 0x0000000087300000, 0x0000000087300000| Untracked 
|  78|0x0000000087400000, 0x0000000087400000, 0x0000000087500000|  0%| F|  |TAMS 0x0000000087400000, 0x0000000087400000| Untracked 
|  79|0x0000000087500000, 0x0000000087500000, 0x0000000087600000|  0%| F|  |TAMS 0x0000000087500000, 0x0000000087500000| Untracked 
|  80|0x0000000087600000, 0x0000000087600000, 0x0000000087700000|  0%| F|  |TAMS 0x0000000087600000, 0x0000000087600000| Untracked 
|  81|0x0000000087700000, 0x0000000087700000, 0x0000000087800000|  0%| F|  |TAMS 0x0000000087700000, 0x0000000087700000| Untracked 
|  82|0x0000000087800000, 0x0000000087800000, 0x0000000087900000|  0%| F|  |TAMS 0x0000000087800000, 0x0000000087800000| Untracked 
|  83|0x0000000087900000, 0x0000000087900000, 0x0000000087a00000|  0%| F|  |TAMS 0x0000000087900000, 0x0000000087900000| Untracked 
|  84|0x0000000087a00000, 0x0000000087a00000, 0x0000000087b00000|  0%| F|  |TAMS 0x0000000087a00000, 0x0000000087a00000| Untracked 
|  85|0x0000000087b00000, 0x0000000087b00000, 0x0000000087c00000|  0%| F|  |TAMS 0x0000000087b00000, 0x0000000087b00000| Untracked 
|  86|0x0000000087c00000, 0x0000000087c00000, 0x0000000087d00000|  0%| F|  |TAMS 0x0000000087c00000, 0x0000000087c00000| Untracked 
|  87|0x0000000087d00000, 0x0000000087d00000, 0x0000000087e00000|  0%| F|  |TAMS 0x0000000087d00000, 0x0000000087d00000| Untracked 
|  88|0x0000000087e00000, 0x0000000087e00000, 0x0000000087f00000|  0%| F|  |TAMS 0x0000000087e00000, 0x0000000087e00000| Untracked 
|  89|0x0000000087f00000, 0x0000000087f00000, 0x0000000088000000|  0%| F|  |TAMS 0x0000000087f00000, 0x0000000087f00000| Untracked 
|  90|0x0000000088000000, 0x0000000088000000, 0x0000000088100000|  0%| F|  |TAMS 0x0000000088000000, 0x0000000088000000| Untracked 
|  91|0x0000000088100000, 0x0000000088100000, 0x0000000088200000|  0%| F|  |TAMS 0x0000000088100000, 0x0000000088100000| Untracked 
|  92|0x0000000088200000, 0x0000000088200000, 0x0000000088300000|  0%| F|  |TAMS 0x0000000088200000, 0x0000000088200000| Untracked 
|  93|0x0000000088300000, 0x0000000088300000, 0x0000000088400000|  0%| F|  |TAMS 0x0000000088300000, 0x0000000088300000| Untracked 
|  94|0x0000000088400000, 0x0000000088400000, 0x0000000088500000|  0%| F|  |TAMS 0x0000000088400000, 0x0000000088400000| Untracked 
|  95|0x0000000088500000, 0x0000000088500000, 0x0000000088600000|  0%| F|  |TAMS 0x0000000088500000, 0x0000000088500000| Untracked 
|  96|0x0000000088600000, 0x0000000088600000, 0x0000000088700000|  0%| F|  |TAMS 0x0000000088600000, 0x0000000088600000| Untracked 
|  97|0x0000000088700000, 0x0000000088700000, 0x0000000088800000|  0%| F|  |TAMS 0x0000000088700000, 0x0000000088700000| Untracked 
|  98|0x0000000088800000, 0x0000000088800000, 0x0000000088900000|  0%| F|  |TAMS 0x0000000088800000, 0x0000000088800000| Untracked 
|  99|0x0000000088900000, 0x0000000088900000, 0x0000000088a00000|  0%| F|  |TAMS 0x0000000088900000, 0x0000000088900000| Untracked 
| 100|0x0000000088a00000, 0x0000000088a00000, 0x0000000088b00000|  0%| F|  |TAMS 0x0000000088a00000, 0x0000000088a00000| Untracked 
| 101|0x0000000088b00000, 0x0000000088b00000, 0x0000000088c00000|  0%| F|  |TAMS 0x0000000088b00000, 0x0000000088b00000| Untracked 
| 102|0x0000000088c00000, 0x0000000088c00000, 0x0000000088d00000|  0%| F|  |TAMS 0x0000000088c00000, 0x0000000088c00000| Untracked 
| 103|0x0000000088d00000, 0x0000000088d00000, 0x0000000088e00000|  0%| F|  |TAMS 0x0000000088d00000, 0x0000000088d00000| Untracked 
| 104|0x0000000088e00000, 0x0000000088e00000, 0x0000000088f00000|  0%| F|  |TAMS 0x0000000088e00000, 0x0000000088e00000| Untracked 
| 105|0x0000000088f00000, 0x0000000088f00000, 0x0000000089000000|  0%| F|  |TAMS 0x0000000088f00000, 0x0000000088f00000| Untracked 
| 106|0x0000000089000000, 0x0000000089000000, 0x0000000089100000|  0%| F|  |TAMS 0x0000000089000000, 0x0000000089000000| Untracked 
| 107|0x0000000089100000, 0x0000000089100000, 0x0000000089200000|  0%| F|  |TAMS 0x0000000089100000, 0x0000000089100000| Untracked 
| 108|0x0000000089200000, 0x0000000089200000, 0x0000000089300000|  0%| F|  |TAMS 0x0000000089200000, 0x0000000089200000| Untracked 
| 109|0x0000000089300000, 0x0000000089300000, 0x0000000089400000|  0%| F|  |TAMS 0x0000000089300000, 0x0000000089300000| Untracked 
| 110|0x0000000089400000, 0x0000000089400000, 0x0000000089500000|  0%| F|  |TAMS 0x0000000089400000, 0x0000000089400000| Untracked 
| 111|0x0000000089500000, 0x0000000089500000, 0x0000000089600000|  0%| F|  |TAMS 0x0000000089500000, 0x0000000089500000| Untracked 
| 112|0x0000000089600000, 0x0000000089600000, 0x0000000089700000|  0%| F|  |TAMS 0x0000000089600000, 0x0000000089600000| Untracked 
| 113|0x0000000089700000, 0x0000000089700000, 0x0000000089800000|  0%| F|  |TAMS 0x0000000089700000, 0x0000000089700000| Untracked 
| 114|0x0000000089800000, 0x0000000089800000, 0x0000000089900000|  0%| F|  |TAMS 0x0000000089800000, 0x0000000089800000| Untracked 
| 115|0x0000000089900000, 0x0000000089900000, 0x0000000089a00000|  0%| F|  |TAMS 0x0000000089900000, 0x0000000089900000| Untracked 
| 116|0x0000000089a00000, 0x0000000089a00000, 0x0000000089b00000|  0%| F|  |TAMS 0x0000000089a00000, 0x0000000089a00000| Untracked 
| 117|0x0000000089b00000, 0x0000000089b00000, 0x0000000089c00000|  0%| F|  |TAMS 0x0000000089b00000, 0x0000000089b00000| Untracked 
| 118|0x0000000089c00000, 0x0000000089c00000, 0x0000000089d00000|  0%| F|  |TAMS 0x0000000089c00000, 0x0000000089c00000| Untracked 
| 119|0x0000000089d00000, 0x0000000089d00000, 0x0000000089e00000|  0%| F|  |TAMS 0x0000000089d00000, 0x0000000089d00000| Untracked 
| 120|0x0000000089e00000, 0x0000000089e00000, 0x0000000089f00000|  0%| F|  |TAMS 0x0000000089e00000, 0x0000000089e00000| Untracked 
| 121|0x0000000089f00000, 0x0000000089fed450, 0x000000008a000000| 92%| E|  |TAMS 0x0000000089f00000, 0x0000000089f00000| Complete 
| 122|0x000000008a000000, 0x000000008a100000, 0x000000008a100000|100%| E|CS|TAMS 0x000000008a000000, 0x000000008a000000| Complete 
| 123|0x000000008a100000, 0x000000008a200000, 0x000000008a200000|100%| E|CS|TAMS 0x000000008a100000, 0x000000008a100000| Complete 
| 124|0x000000008a200000, 0x000000008a300000, 0x000000008a300000|100%| E|CS|TAMS 0x000000008a200000, 0x000000008a200000| Complete 
| 125|0x000000008a300000, 0x000000008a400000, 0x000000008a400000|100%| E|CS|TAMS 0x000000008a300000, 0x000000008a300000| Complete 

Card table byte_map: [0x00000218f82d0000,0x00000218f86c0000] _byte_map_base: 0x00000218f7ebd000

Marking Bits (Prev, Next): (CMBitMap*) 0x00000218f444f4d0, (CMBitMap*) 0x00000218f444f510
 Prev Bits: [0x00000218f8ab0000, 0x00000218faa18000)
 Next Bits: [0x00000218faa20000, 0x00000218fc988000)

Polling page: 0x00000218f23d0000

Metaspace:

Usage:
  Non-class:      8.21 MB used.
      Class:    786.20 KB used.
       Both:      8.98 MB used.

Virtual space:
  Non-class space:       16.00 MB reserved,       8.25 MB ( 52%) committed,  2 nodes.
      Class space:        1.00 GB reserved,     832.00 KB ( <1%) committed,  1 nodes.
              Both:        1.02 GB reserved,       9.06 MB ( <1%) committed. 

Chunk freelists:
   Non-Class:  3.77 MB
       Class:  3.22 MB
        Both:  6.99 MB

MaxMetaspaceSize: 17179869184.00 GB
CompressedClassSpaceSize: 1.00 GB
 - commit_granule_bytes: 65536.
 - commit_granule_words: 8192.
 - virtual_space_node_default_size: 1048576.
 - enlarge_chunks_in_place: 1.
 - new_chunks_are_fully_committed: 0.
 - uncommit_free_chunks: 1.
 - use_allocation_guard: 0.
 - handle_deallocations: 1.


Internal statistics:

num_allocs_failed_limit: 0.
num_arena_births: 10.
num_arena_deaths: 0.
num_vsnodes_births: 3.
num_vsnodes_deaths: 0.
num_space_committed: 145.
num_space_uncommitted: 0.
num_chunks_returned_to_freelist: 0.
num_chunks_taken_from_freelist: 48.
num_chunk_merges: 0.
num_chunk_splits: 19.
num_chunks_enlarged: 11.
num_purges: 0.

CodeHeap 'non-profiled nmethods': size=120000Kb used=119Kb max_used=119Kb free=119880Kb
 bounds [0x0000021887ad0000, 0x0000021887d40000, 0x000002188f000000]
CodeHeap 'profiled nmethods': size=120000Kb used=514Kb max_used=514Kb free=119485Kb
 bounds [0x00000218805a0000, 0x0000021880810000, 0x0000021887ad0000]
CodeHeap 'non-nmethods': size=5760Kb used=1197Kb max_used=1216Kb free=4562Kb
 bounds [0x0000021880000000, 0x0000021880270000, 0x00000218805a0000]
 total_blobs=781 nmethods=378 adapters=316
 compilation: enabled
              stopped_count=0, restarted_count=0
 full_count=0

Compilation events (20 events):
Event: 0.365 Thread 0x000002188f945760 nmethod 373 0x000002188061ea90 code [0x000002188061eca0, 0x000002188061f498]
Event: 0.369 Thread 0x000002188f944e10 nmethod 359% 0x0000021887aebe90 code [0x0000021887aec040, 0x0000021887aecf78]
Event: 0.369 Thread 0x000002188f944e10  364       4       java.lang.String::charAt (25 bytes)
Event: 0.370 Thread 0x000002188f944e10 nmethod 364 0x0000021887aed310 code [0x0000021887aed4a0, 0x0000021887aed628]
Event: 0.370 Thread 0x000002188f944e10  337       4       java.nio.Buffer::nextGetIndex (30 bytes)
Event: 0.371 Thread 0x000002188f944e10 nmethod 337 0x0000021887aed790 code [0x0000021887aed920, 0x0000021887aed9d8]
Event: 0.371 Thread 0x000002188f945760  374       1       java.nio.Buffer::limit (5 bytes)
Event: 0.372 Thread 0x000002188f945760 nmethod 374 0x0000021887aeda90 code [0x0000021887aedc20, 0x0000021887aedcf8]
Event: 110.634 Thread 0x000002188f945760  375       3       org.eclipse.jdt.launching.internal.org.objectweb.asm.ClassReader::readUnsignedShort (26 bytes)
Event: 110.634 Thread 0x000002188f945760 nmethod 375 0x000002188061f790 code [0x000002188061f940, 0x000002188061fab8]
Event: 110.634 Thread 0x000002188f945760  376       3       java.lang.String::<init> (74 bytes)
Event: 110.636 Thread 0x000002188f945760 

Event: 110.636 Thread 0x000002188f945760  377       3       java.lang.StringUTF16::compress (20 bytes)
Event: 110.636 Thread 0x000002188f945760 nmethod 377 0x000002188061fb90 code [0x000002188061fd40, 0x000002188061ff88]
Event: 245.276 Thread 0x000002188f945760  378       3       java.lang.String::<init> (14 bytes)
Event: 245.276 Thread 0x000002188f945760 nmethod 378 0x0000021880620090 code [0x0000021880620260, 0x0000021880620478]
Event: 245.276 Thread 0x000002188f945760  380       3       org.eclipse.jdt.launching.internal.org.objectweb.asm.ClassReader::readUtf (44 bytes)
Event: 245.280 Thread 0x000002188f945760 

Event: 245.280 Thread 0x000002188f945760  379       3       java.lang.String::rangeCheck (9 bytes)
Event: 245.280 Thread 0x000002188f945760 nmethod 379 0x0000021880620590 code [0x0000021880620740, 0x0000021880620888]

GC Heap History (0 events):
No events

Deoptimization events (20 events):
Event: 0.275 Thread 0x00000218f440e060 Uncommon trap: trap_request=0xffffff45 fr.pc=0x0000021887adc1b0 relative=0x0000000000000b30
Event: 0.275 Thread 0x00000218f440e060 Uncommon trap: reason=unstable_if action=reinterpret pc=0x0000021887adc1b0 method=java.util.HashMap.putVal(ILjava/lang/Object;Ljava/lang/Object;ZZ)Ljava/lang/Object; @ 181 c2
Event: 0.275 Thread 0x00000218f440e060 DEOPT PACKING pc=0x0000021887adc1b0 sp=0x00000054f3dfe380
Event: 0.275 Thread 0x00000218f440e060 DEOPT UNPACKING pc=0x000002188004d72e sp=0x00000054f3dfe340 mode 2
Event: 0.342 Thread 0x00000218f440e060 Uncommon trap: trap_request=0xffffff45 fr.pc=0x0000021887add4fc relative=0x00000000000000dc
Event: 0.342 Thread 0x00000218f440e060 Uncommon trap: reason=unstable_if action=reinterpret pc=0x0000021887add4fc method=java.lang.String.isLatin1()Z @ 10 c2
Event: 0.342 Thread 0x00000218f440e060 DEOPT PACKING pc=0x0000021887add4fc sp=0x00000054f3dff060
Event: 0.342 Thread 0x00000218f440e060 DEOPT UNPACKING pc=0x000002188004d72e sp=0x00000054f3dfefb0 mode 2
Event: 0.357 Thread 0x00000218f440e060 DEOPT PACKING pc=0x000002188060c2f0 sp=0x00000054f3dfbca0
Event: 0.357 Thread 0x00000218f440e060 DEOPT UNPACKING pc=0x000002188004dece sp=0x00000054f3dfb108 mode 0
Event: 0.357 Thread 0x00000218f440e060 DEOPT PACKING pc=0x000002188060c2f0 sp=0x00000054f3dfbca0
Event: 0.357 Thread 0x00000218f440e060 DEOPT UNPACKING pc=0x000002188004dece sp=0x00000054f3dfb108 mode 0
Event: 0.358 Thread 0x00000218f440e060 DEOPT PACKING pc=0x000002188060c2f0 sp=0x00000054f3dfbca0
Event: 0.358 Thread 0x00000218f440e060 DEOPT UNPACKING pc=0x000002188004dece sp=0x00000054f3dfb108 mode 0
Event: 0.362 Thread 0x00000218f440e060 DEOPT PACKING pc=0x000002188060c2f0 sp=0x00000054f3df7e60
Event: 0.362 Thread 0x00000218f440e060 DEOPT UNPACKING pc=0x000002188004dece sp=0x00000054f3df72c8 mode 0
Event: 0.362 Thread 0x00000218f440e060 DEOPT PACKING pc=0x000002188060c2f0 sp=0x00000054f3df7e60
Event: 0.362 Thread 0x00000218f440e060 DEOPT UNPACKING pc=0x000002188004dece sp=0x00000054f3df72c8 mode 0
Event: 0.362 Thread 0x00000218f440e060 DEOPT PACKING pc=0x000002188060c2f0 sp=0x00000054f3df7e60
Event: 0.362 Thread 0x00000218f440e060 DEOPT UNPACKING pc=0x000002188004dece sp=0x00000054f3df72c8 mode 0

Classes unloaded (0 events):
No events

Classes redefined (2 events):
Event: 110.634 Thread 0x00000218ff5f9020 redefined class name=examen_programacion.RodriguezElisa_PROG_UD4_Recup, count=1
Event: 245.277 Thread 0x00000218ff5f9020 redefined class name=examen_programacion.RodriguezElisa_PROG_UD4_Recup, count=2

Internal exceptions (1 events):
Event: 0.339 Thread 0x00000218f440e060 Exception <a 'java/lang/NoSuchMethodError'{0x000000008a0e92e8}: 'java.lang.Object java.lang.invoke.DirectMethodHandle$Holder.invokeStatic(java.lang.Object)'> (0x000000008a0e92e8) 
thrown [t:\workspace\open\src\hotspot\share\interpreter\linkResolver.cpp, line 790]

Events (20 events):
Event: 249.388 Executing  VM operation: get/set locals done
Event: 249.389 Executing  VM operation: get receiver
Event: 249.389 Executing  VM operation: get receiver done
Event: 249.390 Executing  VM operation: get receiver
Event: 249.390 Executing  VM operation: get receiver done
Event: 249.390 Executing  VM operation: get receiver
Event: 249.390 Executing  VM operation: get receiver done
Event: 249.390 Executing  VM operation: get receiver
Event: 249.390 Executing  VM operation: get receiver done
Event: 249.391 Executing  VM operation: get receiver
Event: 249.391 Executing  VM operation: get receiver done
Event: 249.391 Executing  VM operation: ChangeSingleStep
Event: 249.391 Executing  VM operation: ChangeSingleStep done
Event: 249.391 Executing  VM operation: ChangeSingleStep
Event: 249.391 Executing  VM operation: ChangeSingleStep done
Event: 249.391 Executing  VM operation: ChangeSingleStep
Event: 249.391 Executing  VM operation: ChangeSingleStep done
Event: 249.392 Executing  VM operation: ChangeSingleStep
Event: 249.392 Executing  VM operation: ChangeSingleStep done
Event: 249.473 Executing  VM operation: get/set locals


Dynamic libraries:
0x00007ff6fb7a0000 - 0x00007ff6fb7ae000 	C:\Users\elisa\Documents\eclipse-jee-2021-09-R-win32-x86_64\eclipse\plugins\org.eclipse.justj.openjdk.hotspot.jre.full.win32.x86_64_16.0.2.v20210721-1149\jre\bin\javaw.exe
0x00007ffda2930000 - 0x00007ffda2b25000 	C:\Windows\SYSTEM32\ntdll.dll
0x00007ffda1f90000 - 0x00007ffda204e000 	C:\Windows\System32\KERNEL32.DLL
0x00007ffda03a0000 - 0x00007ffda0668000 	C:\Windows\System32\KERNELBASE.dll
0x00007ffda0710000 - 0x00007ffda0810000 	C:\Windows\System32\ucrtbase.dll
0x00007ffd92360000 - 0x00007ffd92378000 	C:\Users\elisa\Documents\eclipse-jee-2021-09-R-win32-x86_64\eclipse\plugins\org.eclipse.justj.openjdk.hotspot.jre.full.win32.x86_64_16.0.2.v20210721-1149\jre\bin\jli.dll
0x00007ffd96e20000 - 0x00007ffd96e39000 	C:\Users\elisa\Documents\eclipse-jee-2021-09-R-win32-x86_64\eclipse\plugins\org.eclipse.justj.openjdk.hotspot.jre.full.win32.x86_64_16.0.2.v20210721-1149\jre\bin\VCRUNTIME140.dll
0x00007ffda0a10000 - 0x00007ffda0bb1000 	C:\Windows\System32\USER32.dll
0x00007ffd97580000 - 0x00007ffd9781a000 	C:\Windows\WinSxS\amd64_microsoft.windows.common-controls_6595b64144ccf1df_6.0.19041.1110_none_60b5254171f9507e\COMCTL32.dll
0x00007ffda0100000 - 0x00007ffda0122000 	C:\Windows\System32\win32u.dll
0x00007ffda2680000 - 0x00007ffda26ab000 	C:\Windows\System32\GDI32.dll
0x00007ffda2740000 - 0x00007ffda27de000 	C:\Windows\System32\msvcrt.dll
0x00007ffda0290000 - 0x00007ffda039b000 	C:\Windows\System32\gdi32full.dll
0x00007ffda0670000 - 0x00007ffda070d000 	C:\Windows\System32\msvcp_win.dll
0x00007ffda2710000 - 0x00007ffda2740000 	C:\Windows\System32\IMM32.DLL
0x00007ffd98b10000 - 0x00007ffd98b1c000 	C:\Users\elisa\Documents\eclipse-jee-2021-09-R-win32-x86_64\eclipse\plugins\org.eclipse.justj.openjdk.hotspot.jre.full.win32.x86_64_16.0.2.v20210721-1149\jre\bin\vcruntime140_1.dll
0x00007ffd6a030000 - 0x00007ffd6a0c1000 	C:\Users\elisa\Documents\eclipse-jee-2021-09-R-win32-x86_64\eclipse\plugins\org.eclipse.justj.openjdk.hotspot.jre.full.win32.x86_64_16.0.2.v20210721-1149\jre\bin\msvcp140.dll
0x00007ffd617b0000 - 0x00007ffd6235b000 	C:\Users\elisa\Documents\eclipse-jee-2021-09-R-win32-x86_64\eclipse\plugins\org.eclipse.justj.openjdk.hotspot.jre.full.win32.x86_64_16.0.2.v20210721-1149\jre\bin\server\jvm.dll
0x00007ffda1a30000 - 0x00007ffda1adc000 	C:\Windows\System32\ADVAPI32.dll
0x00007ffda16e0000 - 0x00007ffda177b000 	C:\Windows\System32\sechost.dll
0x00007ffda0d50000 - 0x00007ffda0e7a000 	C:\Windows\System32\RPCRT4.dll
0x00007ffda1a10000 - 0x00007ffda1a18000 	C:\Windows\System32\PSAPI.DLL
0x00007ffd9b7d0000 - 0x00007ffd9b7d9000 	C:\Windows\SYSTEM32\WSOCK32.dll
0x00007ffd9aa00000 - 0x00007ffd9aa27000 	C:\Windows\SYSTEM32\WINMM.dll
0x00007ffda0f30000 - 0x00007ffda0f9b000 	C:\Windows\System32\WS2_32.dll
0x00007ffd9b2e0000 - 0x00007ffd9b2ea000 	C:\Windows\SYSTEM32\VERSION.dll
0x00007ffd9df50000 - 0x00007ffd9df62000 	C:\Windows\SYSTEM32\kernel.appcore.dll
0x00007ffd9a9d0000 - 0x00007ffd9a9da000 	C:\Users\elisa\Documents\eclipse-jee-2021-09-R-win32-x86_64\eclipse\plugins\org.eclipse.justj.openjdk.hotspot.jre.full.win32.x86_64_16.0.2.v20210721-1149\jre\bin\jimage.dll
0x00007ffd97bb0000 - 0x00007ffd97d94000 	C:\Windows\SYSTEM32\DBGHELP.DLL
0x00007ffd97b80000 - 0x00007ffd97bac000 	C:\Windows\SYSTEM32\dbgcore.DLL
0x00007ffda08f0000 - 0x00007ffda0973000 	C:\Windows\System32\bcryptPrimitives.dll
0x00007ffd820d0000 - 0x00007ffd8210b000 	C:\Users\elisa\Documents\eclipse-jee-2021-09-R-win32-x86_64\eclipse\plugins\org.eclipse.justj.openjdk.hotspot.jre.full.win32.x86_64_16.0.2.v20210721-1149\jre\bin\jdwp.dll
0x00007ffd96e10000 - 0x00007ffd96e1e000 	C:\Users\elisa\Documents\eclipse-jee-2021-09-R-win32-x86_64\eclipse\plugins\org.eclipse.justj.openjdk.hotspot.jre.full.win32.x86_64_16.0.2.v20210721-1149\jre\bin\instrument.dll
0x00007ffd92320000 - 0x00007ffd92345000 	C:\Users\elisa\Documents\eclipse-jee-2021-09-R-win32-x86_64\eclipse\plugins\org.eclipse.justj.openjdk.hotspot.jre.full.win32.x86_64_16.0.2.v20210721-1149\jre\bin\java.dll
0x00007ffd98e90000 - 0x00007ffd98ea8000 	C:\Users\elisa\Documents\eclipse-jee-2021-09-R-win32-x86_64\eclipse\plugins\org.eclipse.justj.openjdk.hotspot.jre.full.win32.x86_64_16.0.2.v20210721-1149\jre\bin\zip.dll
0x00007ffda0fa0000 - 0x00007ffda16df000 	C:\Windows\System32\SHELL32.dll
0x00007ffd9e150000 - 0x00007ffd9e8e0000 	C:\Windows\SYSTEM32\windows.storage.dll
0x00007ffda1c30000 - 0x00007ffda1f85000 	C:\Windows\System32\combase.dll
0x00007ffd9fa30000 - 0x00007ffd9fa5e000 	C:\Windows\SYSTEM32\Wldp.dll
0x00007ffda2840000 - 0x00007ffda28ed000 	C:\Windows\System32\SHCORE.dll
0x00007ffda0bc0000 - 0x00007ffda0c15000 	C:\Windows\System32\shlwapi.dll
0x00007ffd9ff90000 - 0x00007ffd9ffaf000 	C:\Windows\SYSTEM32\profapi.dll
0x00007ffd923d0000 - 0x00007ffd923dc000 	C:\Users\elisa\Documents\eclipse-jee-2021-09-R-win32-x86_64\eclipse\plugins\org.eclipse.justj.openjdk.hotspot.jre.full.win32.x86_64_16.0.2.v20210721-1149\jre\bin\dt_socket.dll
0x00007ffd9f420000 - 0x00007ffd9f45b000 	C:\Windows\SYSTEM32\IPHLPAPI.DLL
0x00007ffd9f730000 - 0x00007ffd9f79a000 	C:\Windows\system32\mswsock.dll
0x00007ffd9f460000 - 0x00007ffd9f52b000 	C:\Windows\SYSTEM32\DNSAPI.dll
0x00007ffda1a20000 - 0x00007ffda1a28000 	C:\Windows\System32\NSI.dll
0x00007ffd98260000 - 0x00007ffd9826a000 	C:\Windows\System32\rasadhlp.dll
0x00007ffd96c80000 - 0x00007ffd96cff000 	C:\Windows\System32\fwpuclnt.dll
0x00007ffda0810000 - 0x00007ffda0837000 	C:\Windows\System32\bcrypt.dll
0x00007ffd92410000 - 0x00007ffd92429000 	C:\Users\elisa\Documents\eclipse-jee-2021-09-R-win32-x86_64\eclipse\plugins\org.eclipse.justj.openjdk.hotspot.jre.full.win32.x86_64_16.0.2.v20210721-1149\jre\bin\net.dll
0x00007ffd99200000 - 0x00007ffd9930c000 	C:\Windows\SYSTEM32\WINHTTP.dll
0x00007ffd8d3c0000 - 0x00007ffd8d3d3000 	C:\Users\elisa\Documents\eclipse-jee-2021-09-R-win32-x86_64\eclipse\plugins\org.eclipse.justj.openjdk.hotspot.jre.full.win32.x86_64_16.0.2.v20210721-1149\jre\bin\nio.dll
0x00007ffd99940000 - 0x00007ffd99950000 	C:\Users\elisa\Documents\eclipse-jee-2021-09-R-win32-x86_64\eclipse\plugins\org.eclipse.justj.openjdk.hotspot.jre.full.win32.x86_64_16.0.2.v20210721-1149\jre\bin\verify.dll

dbghelp: loaded successfully - version: 4.0.5 - missing functions: none
symbol engine: initialized successfully - sym options: 0x614 - pdb path: .;C:\Users\elisa\Documents\eclipse-jee-2021-09-R-win32-x86_64\eclipse\plugins\org.eclipse.justj.openjdk.hotspot.jre.full.win32.x86_64_16.0.2.v20210721-1149\jre\bin;C:\Windows\SYSTEM32;C:\Windows\WinSxS\amd64_microsoft.windows.common-controls_6595b64144ccf1df_6.0.19041.1110_none_60b5254171f9507e;C:\Users\elisa\Documents\eclipse-jee-2021-09-R-win32-x86_64\eclipse\plugins\org.eclipse.justj.openjdk.hotspot.jre.full.win32.x86_64_16.0.2.v20210721-1149\jre\bin\server

VM Arguments:
jvm_args: -XX:+ShowCodeDetailsInExceptionMessages -agentlib:jdwp=transport=dt_socket,suspend=y,address=localhost:52306 -javaagent:C:\Users\elisa\Documents\eclipse-jee-2021-09-R-win32-x86_64\eclipse\configuration\org.eclipse.osgi\415\0\.cp\lib\javaagent-shaded.jar -Dfile.encoding=Cp1252 
java_command: examen_programacion.RodriguezElisa_PROG_UD4_Recup
java_class_path (initial): C:\Users\elisa\eclipse-workspace\draftproject\bin
Launcher Type: SUN_STANDARD

[Global flags]
     intx CICompilerCount                          = 4                                         {product} {ergonomic}
     uint ConcGCThreads                            = 3                                         {product} {ergonomic}
     uint G1ConcRefinementThreads                  = 10                                        {product} {ergonomic}
   size_t G1HeapRegionSize                         = 1048576                                   {product} {ergonomic}
    uintx GCDrainStackTargetSize                   = 64                                        {product} {ergonomic}
   size_t InitialHeapSize                          = 132120576                                 {product} {ergonomic}
   size_t MarkStackSize                            = 4194304                                   {product} {ergonomic}
   size_t MaxHeapSize                              = 2107637760                                {product} {ergonomic}
   size_t MaxNewSize                               = 1264582656                                {product} {ergonomic}
   size_t MinHeapDeltaBytes                        = 1048576                                   {product} {ergonomic}
   size_t MinHeapSize                              = 8388608                                   {product} {ergonomic}
    uintx NonNMethodCodeHeapSize                   = 5839372                                {pd product} {ergonomic}
    uintx NonProfiledCodeHeapSize                  = 122909434                              {pd product} {ergonomic}
    uintx ProfiledCodeHeapSize                     = 122909434                              {pd product} {ergonomic}
    uintx ReservedCodeCacheSize                    = 251658240                              {pd product} {ergonomic}
     bool SegmentedCodeCache                       = true                                      {product} {ergonomic}
     bool ShowCodeDetailsInExceptionMessages       = true                                   {manageable} {command line}
   size_t SoftMaxHeapSize                          = 2107637760                             {manageable} {ergonomic}
     bool UseCompressedClassPointers               = true                           {product lp64_product} {ergonomic}
     bool UseCompressedOops                        = true                           {product lp64_product} {ergonomic}
     bool UseG1GC                                  = true                                      {product} {ergonomic}
     bool UseLargePagesIndividualAllocation        = false                                  {pd product} {ergonomic}

Logging:
Log output configuration:
 #0: stdout all=warning uptime,level,tags
 #1: stderr all=off uptime,level,tags

Environment Variables:
PATH=C:\Users\elisa\Documents\eclipse-jee-2021-09-R-win32-x86_64\eclipse\plugins\org.eclipse.justj.openjdk.hotspot.jre.full.win32.x86_64_16.0.2.v20210721-1149\jre\bin;C:/Users/elisa/Documents/eclipse-jee-2021-09-R-win32-x86_64/eclipse//plugins/org.eclipse.justj.openjdk.hotspot.jre.full.win32.x86_64_16.0.2.v20210721-1149/jre/bin/server;C:/Users/elisa/Documents/eclipse-jee-2021-09-R-win32-x86_64/eclipse//plugins/org.eclipse.justj.openjdk.hotspot.jre.full.win32.x86_64_16.0.2.v20210721-1149/jre/bin;C:\Program Files (x86)\VMware\VMware Workstation\bin\;C:\Program Files\Common Files\Oracle\Java\javapath;C:\Program Files (x86)\Common Files\Oracle\Java\javapath;C:\Windows\system32;C:\Windows;C:\Windows\System32\Wbem;C:\Windows\System32\WindowsPowerShell\v1.0\;C:\Windows\System32\OpenSSH\;C:\Program Files\AutoFirma\AutoFirma;C:\Program Files\MySQL\MySQL Server 8.0\bin;C:\Program Files\Git\cmd;C:\Program Files\MySQL\MySQL Shell 8.0\bin\;C:\Users\elisa\AppData\Local\Microsoft\WindowsApps;;C:\Users\elisa\AppData\Local\Programs\Microsoft VS Code\bin;C:\Users\elisa\Documents\eclipse-jee-2021-09-R-win32-x86_64\eclipse;
USERNAME=elisa
OS=Windows_NT
PROCESSOR_IDENTIFIER=Intel64 Family 6 Model 158 Stepping 10, GenuineIntel



---------------  S Y S T E M  ---------------

OS:
 Windows 10 , 64 bit Build 19041 (10.0.19041.1348)
OS uptime: 13 days 22:56 hours

CPU: total 12 (initial active 12) (6 cores per cpu, 2 threads per core) family 6 model 158 stepping 10 microcode 0xb4, cx8, cmov, fxsr, ht, mmx, 3dnowpref, sse, sse2, sse3, ssse3, sse4.1, sse4.2, popcnt, lzcnt, tsc, tscinvbit, avx, avx2, aes, erms, clmul, bmi1, bmi2, adx, fma, vzeroupper, clflush, clflushopt

Memory: 4k page, system-wide physical 8036M (3075M free)
TotalPageFile size 15204M (AvailPageFile size 5535M)
current process WorkingSet (physical memory assigned to process): 43M, peak: 45M
current process commit charge ("private bytes"): 212M, peak: 213M

vm_info: OpenJDK 64-Bit Server VM (16.0.2+7-67) for windows-amd64 JRE (16.0.2+7-67), built on Jun  8 2021 23:21:43 by "mach5one" with MS VC++ 16.7 (VS2019)

END.
